<?xml version="1.0" encoding="UTF-8"?>
<testng-results skipped="0" failed="0" ignored="0" total="1" passed="1">
  <reporter-output>
  </reporter-output>
  <suite name="testuite" duration-ms="5486" started-at="2017-12-12T04:52:21Z" finished-at="2017-12-12T04:52:27Z">
    <groups>
    </groups>
    <test name="Test" duration-ms="5486" started-at="2017-12-12T04:52:21Z" finished-at="2017-12-12T04:52:27Z">
      <class name="com.cases.LoginCase">
        <test-method status="PASS" signature="BeforeMethod()[pri:0, instance:com.cases.LoginCase@735b5592]" name="BeforeMethod" is-config="true" duration-ms="4565" started-at="2017-12-12T12:52:21Z" finished-at="2017-12-12T12:52:26Z">
          <reporter-output>
          </reporter-output>
        </test-method> <!-- BeforeMethod -->
        <test-method status="PASS" signature="LoginPage()[pri:0, instance:com.cases.LoginCase@735b5592]" name="LoginPage" duration-ms="906" started-at="2017-12-12T12:52:26Z" finished-at="2017-12-12T12:52:27Z">
          <reporter-output>
          </reporter-output>
        </test-method> <!-- LoginPage -->
        <test-method status="PASS" signature="aftertest()[pri:0, instance:com.cases.LoginCase@735b5592]" name="aftertest" is-config="true" duration-ms="1" started-at="2017-12-12T12:52:27Z" finished-at="2017-12-12T12:52:27Z">
          <reporter-output>
          </reporter-output>
        </test-method> <!-- aftertest -->
      </class> <!-- com.cases.LoginCase -->
    </test> <!-- Test -->
  </suite> <!-- testuite -->
</testng-results>
