<?xml version="1.0" encoding="UTF-8"?>
<testng-results skipped="0" failed="0" ignored="0" total="1" passed="1">
  <reporter-output>
  </reporter-output>
  <suite name="Default suite" duration-ms="11758" started-at="2017-01-24T09:40:14Z" finished-at="2017-01-24T09:40:26Z">
    <groups>
    </groups>
    <test name="Default test" duration-ms="11758" started-at="2017-01-24T09:40:14Z" finished-at="2017-01-24T09:40:26Z">
      <class name="com.cases.Box_Login_case">
        <test-method status="PASS" signature="BeforeClass(java.lang.String)[pri:0, instance:com.cases.Box_Login_case@bccb269]" name="BeforeClass" is-config="true" duration-ms="5" started-at="2017-01-24T17:40:14Z" finished-at="2017-01-24T17:40:14Z">
          <params>
            <param index="0">
              <value>
                <![CDATA[1]]>
              </value>
            </param>
          </params>
          <reporter-output>
          </reporter-output>
        </test-method> <!-- BeforeClass -->
        <test-method status="PASS" signature="BeforeMethod()[pri:0, instance:com.cases.Box_Login_case@bccb269]" name="BeforeMethod" is-config="true" duration-ms="4260" started-at="2017-01-24T17:40:14Z" finished-at="2017-01-24T17:40:18Z">
          <reporter-output>
          </reporter-output>
        </test-method> <!-- BeforeMethod -->
        <test-method status="PASS" signature="Box_Login_Page()[pri:0, instance:com.cases.Box_Login_case@bccb269]" name="Box_Login_Page" duration-ms="2403" started-at="2017-01-24T17:40:18Z" finished-at="2017-01-24T17:40:21Z">
          <reporter-output>
          </reporter-output>
        </test-method> <!-- Box_Login_Page -->
        <test-method status="PASS" signature="end()[pri:0, instance:com.cases.Box_Login_case@bccb269]" name="end" is-config="true" duration-ms="5080" started-at="2017-01-24T17:40:21Z" finished-at="2017-01-24T17:40:26Z">
          <reporter-output>
          </reporter-output>
        </test-method> <!-- end -->
      </class> <!-- com.cases.Box_Login_case -->
    </test> <!-- Default test -->
  </suite> <!-- Default suite -->
</testng-results>
